# JRE version: 7.0_21-b11
# Java VM: Java HotSpot(TM) 64-Bit Server VM (23.21-b01 mixed mode windows-amd64 compressed oops)
Heap
 PSYoungGen      total 254848K, used 199112K [0x00000007d5ab0000, 0x00000007f4390000, 0x0000000800000000)
  eden space 237568K, 76% used [0x00000007d5ab0000,0x00000007e0c46e58,0x00000007e42b0000)
  from space 17280K, 99% used [0x00000007f32b0000,0x00000007f438b2c8,0x00000007f4390000)
  to   space 28608K, 0% used [0x00000007f0bb0000,0x00000007f0bb0000,0x00000007f27a0000)
 ParOldGen       total 120576K, used 68774K [0x0000000781000000, 0x00000007885c0000, 0x00000007d5ab0000)
  object space 120576K, 57% used [0x0000000781000000,0x0000000785329aa0,0x00000007885c0000)
 PSPermGen       total 66752K, used 46885K [0x000000077be00000, 0x000000077ff30000, 0x0000000781000000)
  object space 66752K, 70% used [0x000000077be00000,0x000000077ebc9670,0x000000077ff30000)
GC Heap History (10 events):
Event: 667.260 GC heap before
{Heap before GC invocations=18 (full 1):
 PSYoungGen      total 290560K, used 290548K [0x00000007d5ab0000, 0x00000007f7010000, 0x0000000800000000)
  eden space 284864K, 100% used [0x00000007d5ab0000,0x00000007e70e0000,0x00000007e70e0000)
  from space 5696K, 99% used [0x00000007f6a80000,0x00000007f700d090,0x00000007f7010000)
  to   space 30912K, 0% used [0x00000007f33b0000,0x00000007f33b0000,0x00000007f51e0000)
 ParOldGen       total 95360K, used 58936K [0x0000000781000000, 0x0000000786d20000, 0x00000007d5ab0000)
  object space 95360K, 61% used [0x0000000781000000,0x000000078498e2c0,0x0000000786d20000)
 PSPermGen       total 66752K, used 45941K [0x000000077be00000, 0x000000077ff30000, 0x0000000781000000)
  object space 66752K, 68% used [0x000000077be00000,0x000000077eadd648,0x000000077ff30000)
Event: 667.278 GC heap after
Heap after GC invocations=18 (full 1):
 PSYoungGen      total 280640K, used 8496K [0x00000007d5ab0000, 0x00000007f6a90000, 0x0000000800000000)
  eden space 272128K, 0% used [0x00000007d5ab0000,0x00000007d5ab0000,0x00000007e6470000)
  from space 8512K, 99% used [0x00000007f33b0000,0x00000007f3bfc188,0x00000007f3c00000)
  to   space 29888K, 0% used [0x00000007f4d60000,0x00000007f4d60000,0x00000007f6a90000)
 ParOldGen       total 95360K, used 64706K [0x0000000781000000, 0x0000000786d20000, 0x00000007d5ab0000)
  object space 95360K, 67% used [0x0000000781000000,0x0000000784f30990,0x0000000786d20000)
 PSPermGen       total 66752K, used 45941K [0x000000077be00000, 0x000000077ff30000, 0x0000000781000000)
  object space 66752K, 68% used [0x000000077be00000,0x000000077eadd648,0x000000077ff30000)
}
Event: 715.191 GC heap before
{Heap before GC invocations=19 (full 1):
 PSYoungGen      total 280640K, used 280624K [0x00000007d5ab0000, 0x00000007f6a90000, 0x0000000800000000)
  eden space 272128K, 100% used [0x00000007d5ab0000,0x00000007e6470000,0x00000007e6470000)
  from space 8512K, 99% used [0x00000007f33b0000,0x00000007f3bfc188,0x00000007f3c00000)
  to   space 29888K, 0% used [0x00000007f4d60000,0x00000007f4d60000,0x00000007f6a90000)
 ParOldGen       total 95360K, used 64706K [0x0000000781000000, 0x0000000786d20000, 0x00000007d5ab0000)
  object space 95360K, 67% used [0x0000000781000000,0x0000000784f30990,0x0000000786d20000)
 PSPermGen       total 66752K, used 46151K [0x000000077be00000, 0x000000077ff30000, 0x0000000781000000)
  object space 66752K, 69% used [0x000000077be00000,0x000000077eb11d10,0x000000077ff30000)
Event: 715.212 GC heap after
Heap after GC invocations=19 (full 1):
 PSYoungGen      total 275264K, used 15194K [0x00000007d5ab0000, 0x00000007f5c40000, 0x0000000800000000)
  eden space 260032K, 0% used [0x00000007d5ab0000,0x00000007d5ab0000,0x00000007e58a0000)
  from space 15232K, 99% used [0x00000007f4d60000,0x00000007f5c36bd8,0x00000007f5c40000)
  to   space 29184K, 0% used [0x00000007f2340000,0x00000007f2340000,0x00000007f3fc0000)
 ParOldGen       total 95360K, used 69720K [0x0000000781000000, 0x0000000786d20000, 0x00000007d5ab0000)
  object space 95360K, 73% used [0x0000000781000000,0x0000000785416058,0x0000000786d20000)
 PSPermGen       total 66752K, used 46151K [0x000000077be00000, 0x000000077ff30000, 0x0000000781000000)
  object space 66752K, 69% used [0x000000077be00000,0x000000077eb11d10,0x000000077ff30000)
}
Event: 757.959 GC heap before
{Heap before GC invocations=20 (full 1):
 PSYoungGen      total 275264K, used 275226K [0x00000007d5ab0000, 0x00000007f5c40000, 0x0000000800000000)
  eden space 260032K, 100% used [0x00000007d5ab0000,0x00000007e58a0000,0x00000007e58a0000)
  from space 15232K, 99% used [0x00000007f4d60000,0x00000007f5c36bd8,0x00000007f5c40000)
  to   space 29184K, 0% used [0x00000007f2340000,0x00000007f2340000,0x00000007f3fc0000)
 ParOldGen       total 95360K, used 69720K [0x0000000781000000, 0x0000000786d20000, 0x00000007d5ab0000)
  object space 95360K, 73% used [0x0000000781000000,0x0000000785416058,0x0000000786d20000)
 PSPermGen       total 66752K, used 46567K [0x000000077be00000, 0x000000077ff30000, 0x0000000781000000)
  object space 66752K, 69% used [0x000000077be00000,0x000000077eb79c30,0x000000077ff30000)
Event: 757.995 GC heap after
Heap after GC invocations=20 (full 1):
 PSYoungGen      total 264320K, used 15790K [0x00000007d5ab0000, 0x00000007f4d70000, 0x0000000800000000)
  eden space 248512K, 0% used [0x00000007d5ab0000,0x00000007d5ab0000,0x00000007e4d60000)
  from space 15808K, 99% used [0x00000007f2340000,0x00000007f32ab920,0x00000007f32b0000)
  to   space 27392K, 0% used [0x00000007f32b0000,0x00000007f32b0000,0x00000007f4d70000)
 ParOldGen       total 95360K, used 79676K [0x0000000781000000, 0x0000000786d20000, 0x00000007d5ab0000)
  object space 95360K, 83% used [0x0000000781000000,0x0000000785dcf140,0x0000000786d20000)
 PSPermGen       total 66752K, used 46567K [0x000000077be00000, 0x000000077ff30000, 0x0000000781000000)
  object space 66752K, 69% used [0x000000077be00000,0x000000077eb79c30,0x000000077ff30000)
}
Event: 757.995 GC heap before
{Heap before GC invocations=21 (full 2):
 PSYoungGen      total 264320K, used 15790K [0x00000007d5ab0000, 0x00000007f4d70000, 0x0000000800000000)
  eden space 248512K, 0% used [0x00000007d5ab0000,0x00000007d5ab0000,0x00000007e4d60000)
  from space 15808K, 99% used [0x00000007f2340000,0x00000007f32ab920,0x00000007f32b0000)
  to   space 27392K, 0% used [0x00000007f32b0000,0x00000007f32b0000,0x00000007f4d70000)
 ParOldGen       total 95360K, used 79676K [0x0000000781000000, 0x0000000786d20000, 0x00000007d5ab0000)
  object space 95360K, 83% used [0x0000000781000000,0x0000000785dcf140,0x0000000786d20000)
 PSPermGen       total 66752K, used 46567K [0x000000077be00000, 0x000000077ff30000, 0x0000000781000000)
  object space 66752K, 69% used [0x000000077be00000,0x000000077eb79c30,0x000000077ff30000)
Event: 758.268 GC heap after
Heap after GC invocations=21 (full 2):
 PSYoungGen      total 264320K, used 0K [0x00000007d5ab0000, 0x00000007f4d70000, 0x0000000800000000)
  eden space 248512K, 0% used [0x00000007d5ab0000,0x00000007d5ab0000,0x00000007e4d60000)
  from space 15808K, 0% used [0x00000007f2340000,0x00000007f2340000,0x00000007f32b0000)
  to   space 27392K, 0% used [0x00000007f32b0000,0x00000007f32b0000,0x00000007f4d70000)
 ParOldGen       total 120576K, used 68766K [0x0000000781000000, 0x00000007885c0000, 0x00000007d5ab0000)
  object space 120576K, 57% used [0x0000000781000000,0x0000000785327aa0,0x00000007885c0000)
 PSPermGen       total 66752K, used 46555K [0x000000077be00000, 0x000000077ff30000, 0x0000000781000000)
  object space 66752K, 69% used [0x000000077be00000,0x000000077eb76fa8,0x000000077ff30000)
}
Event: 759.736 GC heap before
{Heap before GC invocations=22 (full 2):
 PSYoungGen      total 264320K, used 248512K [0x00000007d5ab0000, 0x00000007f4d70000, 0x0000000800000000)
  eden space 248512K, 100% used [0x00000007d5ab0000,0x00000007e4d60000,0x00000007e4d60000)
  from space 15808K, 0% used [0x00000007f2340000,0x00000007f2340000,0x00000007f32b0000)
  to   space 27392K, 0% used [0x00000007f32b0000,0x00000007f32b0000,0x00000007f4d70000)
 ParOldGen       total 120576K, used 68766K [0x0000000781000000, 0x00000007885c0000, 0x00000007d5ab0000)
  object space 120576K, 57% used [0x0000000781000000,0x0000000785327aa0,0x00000007885c0000)
 PSPermGen       total 66752K, used 46721K [0x000000077be00000, 0x000000077ff30000, 0x0000000781000000)
  object space 66752K, 69% used [0x000000077be00000,0x000000077eba0520,0x000000077ff30000)
Event: 759.760 GC heap after
Heap after GC invocations=22 (full 2):
 PSYoungGen      total 254848K, used 17260K [0x00000007d5ab0000, 0x00000007f4390000, 0x0000000800000000)
  eden space 237568K, 0% used [0x00000007d5ab0000,0x00000007d5ab0000,0x00000007e42b0000)
  from space 17280K, 99% used [0x00000007f32b0000,0x00000007f438b2c8,0x00000007f4390000)
  to   space 28608K, 0% used [0x00000007f0bb0000,0x00000007f0bb0000,0x00000007f27a0000)
 ParOldGen       total 120576K, used 68774K [0x0000000781000000, 0x00000007885c0000, 0x00000007d5ab0000)
  object space 120576K, 57% used [0x0000000781000000,0x0000000785329aa0,0x00000007885c0000)
 PSPermGen       total 66752K, used 46721K [0x000000077be00000, 0x000000077ff30000, 0x0000000781000000)
  object space 66752K, 69% used [0x000000077be00000,0x000000077eba0520,0x000000077ff30000)
}

