# JRE version: 7.0_21-b11
# Java VM: Java HotSpot(TM) 64-Bit Server VM (23.21-b01 mixed mode windows-amd64 compressed oops)
Heap
 PSYoungGen      total 218112K, used 171619K [0x00000007d5ab0000, 0x00000007eb400000, 0x0000000800000000)
  eden space 207872K, 81% used [0x00000007d5ab0000,0x00000007e00f8bf8,0x00000007e25b0000)
  from space 10240K, 13% used [0x00000007e25b0000,0x00000007e2700040,0x00000007e2fb0000)
  to   space 10496K, 0% used [0x00000007ea9c0000,0x00000007ea9c0000,0x00000007eb400000)
 ParOldGen       total 86656K, used 18736K [0x0000000781000000, 0x00000007864a0000, 0x00000007d5ab0000)
  object space 86656K, 21% used [0x0000000781000000,0x000000078224c278,0x00000007864a0000)
 PSPermGen       total 38912K, used 38866K [0x000000077be00000, 0x000000077e400000, 0x0000000781000000)
  object space 38912K, 99% used [0x000000077be00000,0x000000077e3f4a98,0x000000077e400000)
GC Heap History (10 events):
Event: 14.046 GC heap before
{Heap before GC invocations=7 (full 0):
 PSYoungGen      total 74752K, used 71208K [0x00000007d5ab0000, 0x00000007dad70000, 0x0000000800000000)
  eden space 65152K, 100% used [0x00000007d5ab0000,0x00000007d9a50000,0x00000007d9a50000)
  from space 9600K, 63% used [0x00000007da410000,0x00000007da9fa110,0x00000007dad70000)
  to   space 9792K, 0% used [0x00000007d9a50000,0x00000007d9a50000,0x00000007da3e0000)
 ParOldGen       total 86656K, used 8870K [0x0000000781000000, 0x00000007864a0000, 0x00000007d5ab0000)
  object space 86656K, 10% used [0x0000000781000000,0x00000007818a9b20,0x00000007864a0000)
 PSPermGen       total 27392K, used 27379K [0x000000077be00000, 0x000000077d8c0000, 0x0000000781000000)
  object space 27392K, 99% used [0x000000077be00000,0x000000077d8bcdb8,0x000000077d8c0000)
Event: 14.057 GC heap after
Heap after GC invocations=7 (full 0):
 PSYoungGen      total 74944K, used 5260K [0x00000007d5ab0000, 0x00000007decf0000, 0x0000000800000000)
  eden space 65152K, 0% used [0x00000007d5ab0000,0x00000007d5ab0000,0x00000007d9a50000)
  from space 9792K, 53% used [0x00000007d9a50000,0x00000007d9f73190,0x00000007da3e0000)
  to   space 9728K, 0% used [0x00000007de370000,0x00000007de370000,0x00000007decf0000)
 ParOldGen       total 86656K, used 10241K [0x0000000781000000, 0x00000007864a0000, 0x00000007d5ab0000)
  object space 86656K, 11% used [0x0000000781000000,0x0000000781a00620,0x00000007864a0000)
 PSPermGen       total 27392K, used 27379K [0x000000077be00000, 0x000000077d8c0000, 0x0000000781000000)
  object space 27392K, 99% used [0x000000077be00000,0x000000077d8bcdb8,0x000000077d8c0000)
}
Event: 14.135 GC heap before
{Heap before GC invocations=8 (full 0):
 PSYoungGen      total 74944K, used 70412K [0x00000007d5ab0000, 0x00000007decf0000, 0x0000000800000000)
  eden space 65152K, 100% used [0x00000007d5ab0000,0x00000007d9a50000,0x00000007d9a50000)
  from space 9792K, 53% used [0x00000007d9a50000,0x00000007d9f73190,0x00000007da3e0000)
  to   space 9728K, 0% used [0x00000007de370000,0x00000007de370000,0x00000007decf0000)
 ParOldGen       total 86656K, used 10241K [0x0000000781000000, 0x00000007864a0000, 0x00000007d5ab0000)
  object space 86656K, 11% used [0x0000000781000000,0x0000000781a00620,0x00000007864a0000)
 PSPermGen       total 27392K, used 27380K [0x000000077be00000, 0x000000077d8c0000, 0x0000000781000000)
  object space 27392K, 99% used [0x000000077be00000,0x000000077d8bd218,0x000000077d8c0000)
Event: 14.143 GC heap after
Heap after GC invocations=8 (full 0):
 PSYoungGen      total 139648K, used 2968K [0x00000007d5ab0000, 0x00000007dedb0000, 0x0000000800000000)
  eden space 129920K, 0% used [0x00000007d5ab0000,0x00000007d5ab0000,0x00000007dd990000)
  from space 9728K, 30% used [0x00000007de370000,0x00000007de6560b0,0x00000007decf0000)
  to   space 10112K, 0% used [0x00000007dd990000,0x00000007dd990000,0x00000007de370000)
 ParOldGen       total 86656K, used 12557K [0x0000000781000000, 0x00000007864a0000, 0x00000007d5ab0000)
  object space 86656K, 14% used [0x0000000781000000,0x0000000781c43660,0x00000007864a0000)
 PSPermGen       total 27392K, used 27380K [0x000000077be00000, 0x000000077d8c0000, 0x0000000781000000)
  object space 27392K, 99% used [0x000000077be00000,0x000000077d8bd218,0x000000077d8c0000)
}
Event: 16.966 GC heap before
{Heap before GC invocations=9 (full 0):
 PSYoungGen      total 139648K, used 132888K [0x00000007d5ab0000, 0x00000007dedb0000, 0x0000000800000000)
  eden space 129920K, 100% used [0x00000007d5ab0000,0x00000007dd990000,0x00000007dd990000)
  from space 9728K, 30% used [0x00000007de370000,0x00000007de6560b0,0x00000007decf0000)
  to   space 10112K, 0% used [0x00000007dd990000,0x00000007dd990000,0x00000007de370000)
 ParOldGen       total 86656K, used 12557K [0x0000000781000000, 0x00000007864a0000, 0x00000007d5ab0000)
  object space 86656K, 14% used [0x0000000781000000,0x0000000781c43660,0x00000007864a0000)
 PSPermGen       total 29696K, used 29608K [0x000000077be00000, 0x000000077db00000, 0x0000000781000000)
  object space 29696K, 99% used [0x000000077be00000,0x000000077daea2b0,0x000000077db00000)
Event: 16.972 GC heap after
Heap after GC invocations=9 (full 0):
 PSYoungGen      total 140032K, used 2624K [0x00000007d5ab0000, 0x00000007e39d0000, 0x0000000800000000)
  eden space 129920K, 0% used [0x00000007d5ab0000,0x00000007d5ab0000,0x00000007dd990000)
  from space 10112K, 25% used [0x00000007dd990000,0x00000007ddc20020,0x00000007de370000)
  to   space 10304K, 0% used [0x00000007e2fc0000,0x00000007e2fc0000,0x00000007e39d0000)
 ParOldGen       total 86656K, used 14773K [0x0000000781000000, 0x00000007864a0000, 0x00000007d5ab0000)
  object space 86656K, 17% used [0x0000000781000000,0x0000000781e6d540,0x00000007864a0000)
 PSPermGen       total 29696K, used 29608K [0x000000077be00000, 0x000000077db00000, 0x0000000781000000)
  object space 29696K, 99% used [0x000000077be00000,0x000000077daea2b0,0x000000077db00000)
}
Event: 18.157 GC heap before
{Heap before GC invocations=10 (full 0):
 PSYoungGen      total 140032K, used 132544K [0x00000007d5ab0000, 0x00000007e39d0000, 0x0000000800000000)
  eden space 129920K, 100% used [0x00000007d5ab0000,0x00000007dd990000,0x00000007dd990000)
  from space 10112K, 25% used [0x00000007dd990000,0x00000007ddc20020,0x00000007de370000)
  to   space 10304K, 0% used [0x00000007e2fc0000,0x00000007e2fc0000,0x00000007e39d0000)
 ParOldGen       total 86656K, used 14773K [0x0000000781000000, 0x00000007864a0000, 0x00000007d5ab0000)
  object space 86656K, 17% used [0x0000000781000000,0x0000000781e6d540,0x00000007864a0000)
 PSPermGen       total 30272K, used 30156K [0x000000077be00000, 0x000000077db90000, 0x0000000781000000)
  object space 30272K, 99% used [0x000000077be00000,0x000000077db73080,0x000000077db90000)
Event: 18.163 GC heap after
Heap after GC invocations=10 (full 0):
 PSYoungGen      total 218048K, used 3545K [0x00000007d5ab0000, 0x00000007e39b0000, 0x0000000800000000)
  eden space 207872K, 0% used [0x00000007d5ab0000,0x00000007d5ab0000,0x00000007e25b0000)
  from space 10176K, 34% used [0x00000007e2fc0000,0x00000007e3336790,0x00000007e39b0000)
  to   space 10240K, 0% used [0x00000007e25b0000,0x00000007e25b0000,0x00000007e2fb0000)
 ParOldGen       total 86656K, used 15461K [0x0000000781000000, 0x00000007864a0000, 0x00000007d5ab0000)
  object space 86656K, 17% used [0x0000000781000000,0x0000000781f19560,0x00000007864a0000)
 PSPermGen       total 30272K, used 30156K [0x000000077be00000, 0x000000077db90000, 0x0000000781000000)
  object space 30272K, 99% used [0x000000077be00000,0x000000077db73080,0x000000077db90000)
}
Event: 19.085 GC heap before
{Heap before GC invocations=11 (full 0):
 PSYoungGen      total 218048K, used 209080K [0x00000007d5ab0000, 0x00000007e39b0000, 0x0000000800000000)
  eden space 207872K, 98% used [0x00000007d5ab0000,0x00000007e2367bc0,0x00000007e25b0000)
  from space 10176K, 34% used [0x00000007e2fc0000,0x00000007e3336790,0x00000007e39b0000)
  to   space 10240K, 0% used [0x00000007e25b0000,0x00000007e25b0000,0x00000007e2fb0000)
 ParOldGen       total 86656K, used 15461K [0x0000000781000000, 0x00000007864a0000, 0x00000007d5ab0000)
  object space 86656K, 17% used [0x0000000781000000,0x0000000781f19560,0x00000007864a0000)
 PSPermGen       total 30272K, used 30252K [0x000000077be00000, 0x000000077db90000, 0x0000000781000000)
  object space 30272K, 99% used [0x000000077be00000,0x000000077db8b040,0x000000077db90000)
Event: 19.092 GC heap after
Heap after GC invocations=11 (full 0):
 PSYoungGen      total 218112K, used 1344K [0x00000007d5ab0000, 0x00000007eb400000, 0x0000000800000000)
  eden space 207872K, 0% used [0x00000007d5ab0000,0x00000007d5ab0000,0x00000007e25b0000)
  from space 10240K, 13% used [0x00000007e25b0000,0x00000007e2700040,0x00000007e2fb0000)
  to   space 10496K, 0% used [0x00000007ea9c0000,0x00000007ea9c0000,0x00000007eb400000)
 ParOldGen       total 86656K, used 18736K [0x0000000781000000, 0x00000007864a0000, 0x00000007d5ab0000)
  object space 86656K, 21% used [0x0000000781000000,0x000000078224c278,0x00000007864a0000)
 PSPermGen       total 30272K, used 30252K [0x000000077be00000, 0x000000077db90000, 0x0000000781000000)
  object space 30272K, 99% used [0x000000077be00000,0x000000077db8b040,0x000000077db90000)
}

