# JRE version: 7.0_21-b11
# Java VM: Java HotSpot(TM) 64-Bit Server VM (23.21-b01 mixed mode windows-amd64 compressed oops)
Heap
 PSYoungGen      total 327488K, used 285793K [0x00000007d5ab0000, 0x00000007f8150000, 0x0000000800000000)
  eden space 310912K, 91% used [0x00000007d5ab0000,0x00000007e71c84b8,0x00000007e8a50000)
  from space 16576K, 0% used [0x00000007f7120000,0x00000007f7120000,0x00000007f8150000)
  to   space 26816K, 0% used [0x00000007f4cf0000,0x00000007f4cf0000,0x00000007f6720000)
 ParOldGen       total 92800K, used 42335K [0x0000000781000000, 0x0000000786aa0000, 0x00000007d5ab0000)
  object space 92800K, 45% used [0x0000000781000000,0x0000000783957f00,0x0000000786aa0000)
 PSPermGen       total 45824K, used 45783K [0x000000077be00000, 0x000000077eac0000, 0x0000000781000000)
  object space 45824K, 99% used [0x000000077be00000,0x000000077eab5cf8,0x000000077eac0000)
GC Heap History (10 events):
Event: 20.261 GC heap before
{Heap before GC invocations=11 (full 0):
 PSYoungGen      total 218240K, used 211673K [0x00000007d5ab0000, 0x00000007e39d0000, 0x0000000800000000)
  eden space 208128K, 100% used [0x00000007d5ab0000,0x00000007e25f0000,0x00000007e25f0000)
  from space 10112K, 35% used [0x00000007e2ff0000,0x00000007e3366790,0x00000007e39d0000)
  to   space 10176K, 0% used [0x00000007e25f0000,0x00000007e25f0000,0x00000007e2fe0000)
 ParOldGen       total 86656K, used 15408K [0x0000000781000000, 0x00000007864a0000, 0x00000007d5ab0000)
  object space 86656K, 17% used [0x0000000781000000,0x0000000781f0c1a0,0x00000007864a0000)
 PSPermGen       total 30464K, used 30285K [0x000000077be00000, 0x000000077dbc0000, 0x0000000781000000)
  object space 30464K, 99% used [0x000000077be00000,0x000000077db936e8,0x000000077dbc0000)
Event: 20.272 GC heap after
Heap after GC invocations=11 (full 0):
 PSYoungGen      total 218304K, used 5467K [0x00000007d5ab0000, 0x00000007eb310000, 0x0000000800000000)
  eden space 208128K, 0% used [0x00000007d5ab0000,0x00000007d5ab0000,0x00000007e25f0000)
  from space 10176K, 53% used [0x00000007e25f0000,0x00000007e2b46c20,0x00000007e2fe0000)
  to   space 9792K, 0% used [0x00000007ea980000,0x00000007ea980000,0x00000007eb310000)
 ParOldGen       total 86656K, used 18699K [0x0000000781000000, 0x00000007864a0000, 0x00000007d5ab0000)
  object space 86656K, 21% used [0x0000000781000000,0x0000000782242c48,0x00000007864a0000)
 PSPermGen       total 30464K, used 30285K [0x000000077be00000, 0x000000077dbc0000, 0x0000000781000000)
  object space 30464K, 99% used [0x000000077be00000,0x000000077db936e8,0x000000077dbc0000)
}
Event: 71.278 GC heap before
{Heap before GC invocations=12 (full 0):
 PSYoungGen      total 218304K, used 213595K [0x00000007d5ab0000, 0x00000007eb310000, 0x0000000800000000)
  eden space 208128K, 100% used [0x00000007d5ab0000,0x00000007e25f0000,0x00000007e25f0000)
  from space 10176K, 53% used [0x00000007e25f0000,0x00000007e2b46c20,0x00000007e2fe0000)
  to   space 9792K, 0% used [0x00000007ea980000,0x00000007ea980000,0x00000007eb310000)
 ParOldGen       total 86656K, used 18699K [0x0000000781000000, 0x00000007864a0000, 0x00000007d5ab0000)
  object space 86656K, 21% used [0x0000000781000000,0x0000000782242c48,0x00000007864a0000)
 PSPermGen       total 32192K, used 32025K [0x000000077be00000, 0x000000077dd70000, 0x0000000781000000)
  object space 32192K, 99% used [0x000000077be00000,0x000000077dd46510,0x000000077dd70000)
Event: 71.299 GC heap after
Heap after GC invocations=12 (full 0):
 PSYoungGen      total 335488K, used 9760K [0x00000007d5ab0000, 0x00000007ec170000, 0x0000000800000000)
  eden space 325696K, 0% used [0x00000007d5ab0000,0x00000007d5ab0000,0x00000007e98c0000)
  from space 9792K, 99% used [0x00000007ea980000,0x00000007eb308020,0x00000007eb310000)
  to   space 17152K, 0% used [0x00000007e98c0000,0x00000007e98c0000,0x00000007ea980000)
 ParOldGen       total 86656K, used 35649K [0x0000000781000000, 0x00000007864a0000, 0x00000007d5ab0000)
  object space 86656K, 41% used [0x0000000781000000,0x00000007832d05d0,0x00000007864a0000)
 PSPermGen       total 32192K, used 32025K [0x000000077be00000, 0x000000077dd70000, 0x0000000781000000)
  object space 32192K, 99% used [0x000000077be00000,0x000000077dd46510,0x000000077dd70000)
}
Event: 127.074 GC heap before
{Heap before GC invocations=13 (full 0):
 PSYoungGen      total 335488K, used 335456K [0x00000007d5ab0000, 0x00000007ec170000, 0x0000000800000000)
  eden space 325696K, 100% used [0x00000007d5ab0000,0x00000007e98c0000,0x00000007e98c0000)
  from space 9792K, 99% used [0x00000007ea980000,0x00000007eb308020,0x00000007eb310000)
  to   space 17152K, 0% used [0x00000007e98c0000,0x00000007e98c0000,0x00000007ea980000)
 ParOldGen       total 86656K, used 35649K [0x0000000781000000, 0x00000007864a0000, 0x00000007d5ab0000)
  object space 86656K, 41% used [0x0000000781000000,0x00000007832d05d0,0x00000007864a0000)
 PSPermGen       total 32768K, used 32703K [0x000000077be00000, 0x000000077de00000, 0x0000000781000000)
  object space 32768K, 99% used [0x000000077be00000,0x000000077ddefd08,0x000000077de00000)
Event: 127.106 GC heap after
Heap after GC invocations=13 (full 0):
 PSYoungGen      total 342848K, used 17134K [0x00000007d5ab0000, 0x00000007f8aa0000, 0x0000000800000000)
  eden space 325696K, 0% used [0x00000007d5ab0000,0x00000007d5ab0000,0x00000007e98c0000)
  from space 17152K, 99% used [0x00000007e98c0000,0x00000007ea97b828,0x00000007ea980000)
  to   space 26112K, 0% used [0x00000007f7120000,0x00000007f7120000,0x00000007f8aa0000)
 ParOldGen       total 86656K, used 53043K [0x0000000781000000, 0x00000007864a0000, 0x00000007d5ab0000)
  object space 86656K, 61% used [0x0000000781000000,0x00000007843ccd38,0x00000007864a0000)
 PSPermGen       total 32768K, used 32703K [0x000000077be00000, 0x000000077de00000, 0x0000000781000000)
  object space 32768K, 99% used [0x000000077be00000,0x000000077ddefd08,0x000000077de00000)
}
Event: 192.846 GC heap before
{Heap before GC invocations=14 (full 0):
 PSYoungGen      total 342848K, used 342830K [0x00000007d5ab0000, 0x00000007f8aa0000, 0x0000000800000000)
  eden space 325696K, 100% used [0x00000007d5ab0000,0x00000007e98c0000,0x00000007e98c0000)
  from space 17152K, 99% used [0x00000007e98c0000,0x00000007ea97b828,0x00000007ea980000)
  to   space 26112K, 0% used [0x00000007f7120000,0x00000007f7120000,0x00000007f8aa0000)
 ParOldGen       total 86656K, used 53043K [0x0000000781000000, 0x00000007864a0000, 0x00000007d5ab0000)
  object space 86656K, 61% used [0x0000000781000000,0x00000007843ccd38,0x00000007864a0000)
 PSPermGen       total 45632K, used 45488K [0x000000077be00000, 0x000000077ea90000, 0x0000000781000000)
  object space 45632K, 99% used [0x000000077be00000,0x000000077ea6c3d0,0x000000077ea90000)
Event: 192.880 GC heap after
Heap after GC invocations=14 (full 0):
 PSYoungGen      total 327488K, used 16550K [0x00000007d5ab0000, 0x00000007f8150000, 0x0000000800000000)
  eden space 310912K, 0% used [0x00000007d5ab0000,0x00000007d5ab0000,0x00000007e8a50000)
  from space 16576K, 99% used [0x00000007f7120000,0x00000007f8149b68,0x00000007f8150000)
  to   space 26816K, 0% used [0x00000007f4cf0000,0x00000007f4cf0000,0x00000007f6720000)
 ParOldGen       total 86656K, used 70089K [0x0000000781000000, 0x00000007864a0000, 0x00000007d5ab0000)
  object space 86656K, 80% used [0x0000000781000000,0x0000000785472448,0x00000007864a0000)
 PSPermGen       total 45632K, used 45488K [0x000000077be00000, 0x000000077ea90000, 0x0000000781000000)
  object space 45632K, 99% used [0x000000077be00000,0x000000077ea6c3d0,0x000000077ea90000)
}
Event: 192.880 GC heap before
{Heap before GC invocations=15 (full 1):
 PSYoungGen      total 327488K, used 16550K [0x00000007d5ab0000, 0x00000007f8150000, 0x0000000800000000)
  eden space 310912K, 0% used [0x00000007d5ab0000,0x00000007d5ab0000,0x00000007e8a50000)
  from space 16576K, 99% used [0x00000007f7120000,0x00000007f8149b68,0x00000007f8150000)
  to   space 26816K, 0% used [0x00000007f4cf0000,0x00000007f4cf0000,0x00000007f6720000)
 ParOldGen       total 86656K, used 70089K [0x0000000781000000, 0x00000007864a0000, 0x00000007d5ab0000)
  object space 86656K, 80% used [0x0000000781000000,0x0000000785472448,0x00000007864a0000)
 PSPermGen       total 45632K, used 45488K [0x000000077be00000, 0x000000077ea90000, 0x0000000781000000)
  object space 45632K, 99% used [0x000000077be00000,0x000000077ea6c3d0,0x000000077ea90000)
Event: 193.151 GC heap after
Heap after GC invocations=15 (full 1):
 PSYoungGen      total 327488K, used 0K [0x00000007d5ab0000, 0x00000007f8150000, 0x0000000800000000)
  eden space 310912K, 0% used [0x00000007d5ab0000,0x00000007d5ab0000,0x00000007e8a50000)
  from space 16576K, 0% used [0x00000007f7120000,0x00000007f7120000,0x00000007f8150000)
  to   space 26816K, 0% used [0x00000007f4cf0000,0x00000007f4cf0000,0x00000007f6720000)
 ParOldGen       total 92800K, used 42335K [0x0000000781000000, 0x0000000786aa0000, 0x00000007d5ab0000)
  object space 92800K, 45% used [0x0000000781000000,0x0000000783957f00,0x0000000786aa0000)
 PSPermGen       total 45632K, used 45459K [0x000000077be00000, 0x000000077ea90000, 0x0000000781000000)
  object space 45632K, 99% used [0x000000077be00000,0x000000077ea64da0,0x000000077ea90000)
}

