# JRE version: 7.0_21-b11
# Java VM: Java HotSpot(TM) 64-Bit Server VM (23.21-b01 mixed mode windows-amd64 compressed oops)
Heap
 PSYoungGen      total 218112K, used 154418K [0x00000007d5ab0000, 0x00000007eb550000, 0x0000000800000000)
  eden space 207808K, 69% used [0x00000007d5ab0000,0x00000007de867f40,0x00000007e25a0000)
  from space 10304K, 90% used [0x00000007e25a0000,0x00000007e2eb4b10,0x00000007e2fb0000)
  to   space 11200K, 0% used [0x00000007eaa60000,0x00000007eaa60000,0x00000007eb550000)
 ParOldGen       total 86656K, used 22307K [0x0000000781000000, 0x00000007864a0000, 0x00000007d5ab0000)
  object space 86656K, 25% used [0x0000000781000000,0x00000007825c8ce0,0x00000007864a0000)
 PSPermGen       total 38912K, used 38881K [0x000000077be00000, 0x000000077e400000, 0x0000000781000000)
  object space 38912K, 99% used [0x000000077be00000,0x000000077e3f87a8,0x000000077e400000)
GC Heap History (10 events):
Event: 13.252 GC heap before
{Heap before GC invocations=7 (full 0):
 PSYoungGen      total 74752K, used 71159K [0x00000007d5ab0000, 0x00000007dad70000, 0x0000000800000000)
  eden space 65152K, 100% used [0x00000007d5ab0000,0x00000007d9a50000,0x00000007d9a50000)
  from space 9600K, 62% used [0x00000007da410000,0x00000007da9edd18,0x00000007dad70000)
  to   space 9792K, 0% used [0x00000007d9a50000,0x00000007d9a50000,0x00000007da3e0000)
 ParOldGen       total 86656K, used 8832K [0x0000000781000000, 0x00000007864a0000, 0x00000007d5ab0000)
  object space 86656K, 10% used [0x0000000781000000,0x00000007818a0198,0x00000007864a0000)
 PSPermGen       total 27392K, used 27375K [0x000000077be00000, 0x000000077d8c0000, 0x0000000781000000)
  object space 27392K, 99% used [0x000000077be00000,0x000000077d8bbfc0,0x000000077d8c0000)
Event: 13.263 GC heap after
Heap after GC invocations=7 (full 0):
 PSYoungGen      total 74944K, used 5180K [0x00000007d5ab0000, 0x00000007decf0000, 0x0000000800000000)
  eden space 65152K, 0% used [0x00000007d5ab0000,0x00000007d5ab0000,0x00000007d9a50000)
  from space 9792K, 52% used [0x00000007d9a50000,0x00000007d9f5f3e0,0x00000007da3e0000)
  to   space 9728K, 0% used [0x00000007de370000,0x00000007de370000,0x00000007decf0000)
 ParOldGen       total 86656K, used 10218K [0x0000000781000000, 0x00000007864a0000, 0x00000007d5ab0000)
  object space 86656K, 11% used [0x0000000781000000,0x00000007819fab30,0x00000007864a0000)
 PSPermGen       total 27392K, used 27375K [0x000000077be00000, 0x000000077d8c0000, 0x0000000781000000)
  object space 27392K, 99% used [0x000000077be00000,0x000000077d8bbfc0,0x000000077d8c0000)
}
Event: 13.349 GC heap before
{Heap before GC invocations=8 (full 0):
 PSYoungGen      total 74944K, used 70332K [0x00000007d5ab0000, 0x00000007decf0000, 0x0000000800000000)
  eden space 65152K, 100% used [0x00000007d5ab0000,0x00000007d9a50000,0x00000007d9a50000)
  from space 9792K, 52% used [0x00000007d9a50000,0x00000007d9f5f3e0,0x00000007da3e0000)
  to   space 9728K, 0% used [0x00000007de370000,0x00000007de370000,0x00000007decf0000)
 ParOldGen       total 86656K, used 10218K [0x0000000781000000, 0x00000007864a0000, 0x00000007d5ab0000)
  object space 86656K, 11% used [0x0000000781000000,0x00000007819fab30,0x00000007864a0000)
 PSPermGen       total 27392K, used 27378K [0x000000077be00000, 0x000000077d8c0000, 0x0000000781000000)
  object space 27392K, 99% used [0x000000077be00000,0x000000077d8bc998,0x000000077d8c0000)
Event: 13.356 GC heap after
Heap after GC invocations=8 (full 0):
 PSYoungGen      total 139584K, used 2638K [0x00000007d5ab0000, 0x00000007dedd0000, 0x0000000800000000)
  eden space 129856K, 0% used [0x00000007d5ab0000,0x00000007d5ab0000,0x00000007dd980000)
  from space 9728K, 27% used [0x00000007de370000,0x00000007de603be0,0x00000007decf0000)
  to   space 10176K, 0% used [0x00000007dd980000,0x00000007dd980000,0x00000007de370000)
 ParOldGen       total 86656K, used 12811K [0x0000000781000000, 0x00000007864a0000, 0x00000007d5ab0000)
  object space 86656K, 14% used [0x0000000781000000,0x0000000781c82f98,0x00000007864a0000)
 PSPermGen       total 27392K, used 27378K [0x000000077be00000, 0x000000077d8c0000, 0x0000000781000000)
  object space 27392K, 99% used [0x000000077be00000,0x000000077d8bc998,0x000000077d8c0000)
}
Event: 16.179 GC heap before
{Heap before GC invocations=9 (full 0):
 PSYoungGen      total 139584K, used 132494K [0x00000007d5ab0000, 0x00000007dedd0000, 0x0000000800000000)
  eden space 129856K, 100% used [0x00000007d5ab0000,0x00000007dd980000,0x00000007dd980000)
  from space 9728K, 27% used [0x00000007de370000,0x00000007de603be0,0x00000007decf0000)
  to   space 10176K, 0% used [0x00000007dd980000,0x00000007dd980000,0x00000007de370000)
 ParOldGen       total 86656K, used 12811K [0x0000000781000000, 0x00000007864a0000, 0x00000007d5ab0000)
  object space 86656K, 14% used [0x0000000781000000,0x0000000781c82f98,0x00000007864a0000)
 PSPermGen       total 29696K, used 29606K [0x000000077be00000, 0x000000077db00000, 0x0000000781000000)
  object space 29696K, 99% used [0x000000077be00000,0x000000077dae9b98,0x000000077db00000)
Event: 16.186 GC heap after
Heap after GC invocations=9 (full 0):
 PSYoungGen      total 140032K, used 2624K [0x00000007d5ab0000, 0x00000007e39e0000, 0x0000000800000000)
  eden space 129856K, 0% used [0x00000007d5ab0000,0x00000007d5ab0000,0x00000007dd980000)
  from space 10176K, 25% used [0x00000007dd980000,0x00000007ddc10020,0x00000007de370000)
  to   space 10368K, 0% used [0x00000007e2fc0000,0x00000007e2fc0000,0x00000007e39e0000)
 ParOldGen       total 86656K, used 14706K [0x0000000781000000, 0x00000007864a0000, 0x00000007d5ab0000)
  object space 86656K, 16% used [0x0000000781000000,0x0000000781e5c888,0x00000007864a0000)
 PSPermGen       total 29696K, used 29606K [0x000000077be00000, 0x000000077db00000, 0x0000000781000000)
  object space 29696K, 99% used [0x000000077be00000,0x000000077dae9b98,0x000000077db00000)
}
Event: 17.344 GC heap before
{Heap before GC invocations=10 (full 0):
 PSYoungGen      total 140032K, used 132480K [0x00000007d5ab0000, 0x00000007e39e0000, 0x0000000800000000)
  eden space 129856K, 100% used [0x00000007d5ab0000,0x00000007dd980000,0x00000007dd980000)
  from space 10176K, 25% used [0x00000007dd980000,0x00000007ddc10020,0x00000007de370000)
  to   space 10368K, 0% used [0x00000007e2fc0000,0x00000007e2fc0000,0x00000007e39e0000)
 ParOldGen       total 86656K, used 14706K [0x0000000781000000, 0x00000007864a0000, 0x00000007d5ab0000)
  object space 86656K, 16% used [0x0000000781000000,0x0000000781e5c888,0x00000007864a0000)
 PSPermGen       total 30272K, used 30152K [0x000000077be00000, 0x000000077db90000, 0x0000000781000000)
  object space 30272K, 99% used [0x000000077be00000,0x000000077db723b0,0x000000077db90000)
Event: 17.351 GC heap after
Heap after GC invocations=10 (full 0):
 PSYoungGen      total 218048K, used 3577K [0x00000007d5ab0000, 0x00000007e39c0000, 0x0000000800000000)
  eden space 207808K, 0% used [0x00000007d5ab0000,0x00000007d5ab0000,0x00000007e25a0000)
  from space 10240K, 34% used [0x00000007e2fc0000,0x00000007e333e790,0x00000007e39c0000)
  to   space 10304K, 0% used [0x00000007e25a0000,0x00000007e25a0000,0x00000007e2fb0000)
 ParOldGen       total 86656K, used 15394K [0x0000000781000000, 0x00000007864a0000, 0x00000007d5ab0000)
  object space 86656K, 17% used [0x0000000781000000,0x0000000781f088a8,0x00000007864a0000)
 PSPermGen       total 30272K, used 30152K [0x000000077be00000, 0x000000077db90000, 0x0000000781000000)
  object space 30272K, 99% used [0x000000077be00000,0x000000077db723b0,0x000000077db90000)
}
Event: 18.307 GC heap before
{Heap before GC invocations=11 (full 0):
 PSYoungGen      total 218048K, used 211385K [0x00000007d5ab0000, 0x00000007e39c0000, 0x0000000800000000)
  eden space 207808K, 100% used [0x00000007d5ab0000,0x00000007e25a0000,0x00000007e25a0000)
  from space 10240K, 34% used [0x00000007e2fc0000,0x00000007e333e790,0x00000007e39c0000)
  to   space 10304K, 0% used [0x00000007e25a0000,0x00000007e25a0000,0x00000007e2fb0000)
 ParOldGen       total 86656K, used 15394K [0x0000000781000000, 0x00000007864a0000, 0x00000007d5ab0000)
  object space 86656K, 17% used [0x0000000781000000,0x0000000781f088a8,0x00000007864a0000)
 PSPermGen       total 30272K, used 30267K [0x000000077be00000, 0x000000077db90000, 0x0000000781000000)
  object space 30272K, 99% used [0x000000077be00000,0x000000077db8ed18,0x000000077db90000)
Event: 18.318 GC heap after
Heap after GC invocations=11 (full 0):
 PSYoungGen      total 218112K, used 9298K [0x00000007d5ab0000, 0x00000007eb550000, 0x0000000800000000)
  eden space 207808K, 0% used [0x00000007d5ab0000,0x00000007d5ab0000,0x00000007e25a0000)
  from space 10304K, 90% used [0x00000007e25a0000,0x00000007e2eb4b10,0x00000007e2fb0000)
  to   space 11200K, 0% used [0x00000007eaa60000,0x00000007eaa60000,0x00000007eb550000)
 ParOldGen       total 86656K, used 22307K [0x0000000781000000, 0x00000007864a0000, 0x00000007d5ab0000)
  object space 86656K, 25% used [0x0000000781000000,0x00000007825c8ce0,0x00000007864a0000)
 PSPermGen       total 30272K, used 30267K [0x000000077be00000, 0x000000077db90000, 0x0000000781000000)
  object space 30272K, 99% used [0x000000077be00000,0x000000077db8ed18,0x000000077db90000)
}

